This is pdfTeX, Version 3.14159265-2.6-1.40.17 (TeX Live 2016) (preloaded format=pdflatex 2017.5.11)  16 MAY 2017 18:03
entering extended mode
 restricted \write18 enabled.
 %&-line parsing enabled.
**projectreport.tex
(./projectreport.tex
LaTeX2e <2016/03/31>
Babel <3.9r> and hyphenation patterns for 22 language(s) loaded.
(/usr/local/texlive/2016basic/texmf-dist/tex/latex/base/article.cls
Document Class: article 2014/09/29 v1.4h Standard LaTeX document class
(/usr/local/texlive/2016basic/texmf-dist/tex/latex/base/size11.clo
File: size11.clo 2014/09/29 v1.4h Standard LaTeX file (size option)
)
\c@part=\count79
\c@section=\count80
\c@subsection=\count81
\c@subsubsection=\count82
\c@paragraph=\count83
\c@subparagraph=\count84
\c@figure=\count85
\c@table=\count86
\abovecaptionskip=\skip41
\belowcaptionskip=\skip42
\bibindent=\dimen102
)
(/usr/local/texlive/2016basic/texmf-dist/tex/latex/geometry/geometry.sty
Package: geometry 2010/09/12 v5.6 Page Geometry

(/usr/local/texlive/2016basic/texmf-dist/tex/latex/graphics/keyval.sty
Package: keyval 2014/10/28 v1.15 key=value parser (DPC)
\KV@toks@=\toks14
)
(/usr/local/texlive/2016basic/texmf-dist/tex/generic/oberdiek/ifpdf.sty
Package: ifpdf 2016/05/14 v3.1 Provides the ifpdf switch
)
(/usr/local/texlive/2016basic/texmf-dist/tex/generic/oberdiek/ifvtex.sty
Package: ifvtex 2016/05/16 v1.6 Detect VTeX and its facilities (HO)
Package ifvtex Info: VTeX not detected.
)
(/usr/local/texlive/2016basic/texmf-dist/tex/generic/ifxetex/ifxetex.sty
Package: ifxetex 2010/09/12 v0.6 Provides ifxetex conditional
)
\Gm@cnth=\count87
\Gm@cntv=\count88
\c@Gm@tempcnt=\count89
\Gm@bindingoffset=\dimen103
\Gm@wd@mp=\dimen104
\Gm@odd@mp=\dimen105
\Gm@even@mp=\dimen106
\Gm@layoutwidth=\dimen107
\Gm@layoutheight=\dimen108
\Gm@layouthoffset=\dimen109
\Gm@layoutvoffset=\dimen110
\Gm@dimlist=\toks15
)
(./acl2012.sty
Conference Style for ACL 2005 -- released Octobe 11, 2004
\titlebox=\skip43
) (/usr/local/texlive/2016basic/texmf-dist/tex/latex/psnfss/times.sty
Package: times 2005/04/12 PSNFSS-v9.2a (SPQR) 
)
(/usr/local/texlive/2016basic/texmf-dist/tex/latex/base/latexsym.sty
Package: latexsym 1998/08/17 v2.2e Standard LaTeX package (lasy symbols)
\symlasy=\mathgroup4
LaTeX Font Info:    Overwriting symbol font `lasy' in version `bold'
(Font)                  U/lasy/m/n --> U/lasy/b/n on input line 52.
)
(/usr/local/texlive/2016basic/texmf-dist/tex/latex/amsmath/amsmath.sty
Package: amsmath 2016/03/10 v2.15b AMS math features
\@mathmargin=\skip44

For additional information on amsmath, use the `?' option.
(/usr/local/texlive/2016basic/texmf-dist/tex/latex/amsmath/amstext.sty
Package: amstext 2000/06/29 v2.01 AMS text

(/usr/local/texlive/2016basic/texmf-dist/tex/latex/amsmath/amsgen.sty
File: amsgen.sty 1999/11/30 v2.0 generic functions
\@emptytoks=\toks16
\ex@=\dimen111
))
(/usr/local/texlive/2016basic/texmf-dist/tex/latex/amsmath/amsbsy.sty
Package: amsbsy 1999/11/29 v1.2d Bold Symbols
\pmbraise@=\dimen112
)
(/usr/local/texlive/2016basic/texmf-dist/tex/latex/amsmath/amsopn.sty
Package: amsopn 2016/03/08 v2.02 operator names
)
\inf@bad=\count90
LaTeX Info: Redefining \frac on input line 199.
\uproot@=\count91
\leftroot@=\count92
LaTeX Info: Redefining \overline on input line 297.
\classnum@=\count93
\DOTSCASE@=\count94
LaTeX Info: Redefining \ldots on input line 394.
LaTeX Info: Redefining \dots on input line 397.
LaTeX Info: Redefining \cdots on input line 518.
\Mathstrutbox@=\box26
\strutbox@=\box27
\big@size=\dimen113
LaTeX Font Info:    Redeclaring font encoding OML on input line 634.
LaTeX Font Info:    Redeclaring font encoding OMS on input line 635.
\macc@depth=\count95
\c@MaxMatrixCols=\count96
\dotsspace@=\muskip10
\c@parentequation=\count97
\dspbrk@lvl=\count98
\tag@help=\toks17
\row@=\count99
\column@=\count100
\maxfields@=\count101
\andhelp@=\toks18
\eqnshift@=\dimen114
\alignsep@=\dimen115
\tagshift@=\dimen116
\tagwidth@=\dimen117
\totwidth@=\dimen118
\lineht@=\dimen119
\@envbody=\toks19
\multlinegap=\skip45
\multlinetaggap=\skip46
\mathdisplay@stack=\toks20
LaTeX Info: Redefining \[ on input line 2739.
LaTeX Info: Redefining \] on input line 2740.
)
(./multirow.sty)
(/usr/local/texlive/2016basic/texmf-dist/tex/latex/graphics/graphicx.sty
Package: graphicx 2014/10/28 v1.0g Enhanced LaTeX Graphics (DPC,SPQR)

(/usr/local/texlive/2016basic/texmf-dist/tex/latex/graphics/graphics.sty
Package: graphics 2016/05/09 v1.0r Standard LaTeX Graphics (DPC,SPQR)

(/usr/local/texlive/2016basic/texmf-dist/tex/latex/graphics/trig.sty
Package: trig 2016/01/03 v1.10 sin cos tan (DPC)
)
(/usr/local/texlive/2016basic/texmf-dist/tex/latex/graphics-cfg/graphics.cfg
File: graphics.cfg 2016/01/02 v1.10 sample graphics configuration
)
Package graphics Info: Driver file: pdftex.def on input line 96.

(/usr/local/texlive/2016basic/texmf-dist/tex/latex/pdftex-def/pdftex.def
File: pdftex.def 2011/05/27 v0.06d Graphics/color for pdfTeX

(/usr/local/texlive/2016basic/texmf-dist/tex/generic/oberdiek/infwarerr.sty
Package: infwarerr 2016/05/16 v1.4 Providing info/warning/error messages (HO)
)
(/usr/local/texlive/2016basic/texmf-dist/tex/generic/oberdiek/ltxcmds.sty
Package: ltxcmds 2016/05/16 v1.23 LaTeX kernel commands for general use (HO)
)
\Gread@gobject=\count102
))
\Gin@req@height=\dimen120
\Gin@req@width=\dimen121
)
(/usr/local/texlive/2016basic/texmf-dist/tex/latex/tools/tabularx.sty
Package: tabularx 2016/02/03 v2.11 `tabularx' package (DPC)

(/usr/local/texlive/2016basic/texmf-dist/tex/latex/tools/array.sty
Package: array 2014/10/28 v2.4c Tabular extension package (FMi)
\col@sep=\dimen122
\extrarowheight=\dimen123
\NC@list=\toks21
\extratabsurround=\skip47
\backup@length=\skip48
)
\TX@col@width=\dimen124
\TX@old@table=\dimen125
\TX@old@col=\dimen126
\TX@target=\dimen127
\TX@delta=\dimen128
\TX@cols=\count103
\TX@ftn=\toks22
)
(/usr/local/texlive/2016basic/texmf-dist/tex/latex/xcolor/xcolor.sty
Package: xcolor 2016/05/11 v2.12 LaTeX color extensions (UK)

(/usr/local/texlive/2016basic/texmf-dist/tex/latex/graphics-cfg/color.cfg
File: color.cfg 2016/01/02 v1.6 sample color configuration
)
Package xcolor Info: Driver file: pdftex.def on input line 225.
Package xcolor Info: Model `cmy' substituted by `cmy0' on input line 1348.
Package xcolor Info: Model `hsb' substituted by `rgb' on input line 1352.
Package xcolor Info: Model `RGB' extended on input line 1364.
Package xcolor Info: Model `HTML' substituted by `rgb' on input line 1366.
Package xcolor Info: Model `Hsb' substituted by `hsb' on input line 1367.
Package xcolor Info: Model `tHsb' substituted by `hsb' on input line 1368.
Package xcolor Info: Model `HSB' substituted by `hsb' on input line 1369.
Package xcolor Info: Model `Gray' substituted by `gray' on input line 1370.
Package xcolor Info: Model `wave' substituted by `hsb' on input line 1371.
)
(/usr/local/texlive/2016basic/texmf-dist/tex/latex/url/url.sty
\Urlmuskip=\muskip11
Package: url 2013/09/16  ver 3.4  Verb mode for urls, etc.
)
(/usr/local/texlive/2016basic/texmf-dist/tex/latex/hyperref/hyperref.sty
Package: hyperref 2016/05/05 v6.83n Hypertext links for LaTeX

(/usr/local/texlive/2016basic/texmf-dist/tex/generic/oberdiek/hobsub-hyperref.s
ty
Package: hobsub-hyperref 2016/05/16 v1.14 Bundle oberdiek, subset hyperref (HO)


(/usr/local/texlive/2016basic/texmf-dist/tex/generic/oberdiek/hobsub-generic.st
y
Package: hobsub-generic 2016/05/16 v1.14 Bundle oberdiek, subset generic (HO)
Package: hobsub 2016/05/16 v1.14 Construct package bundles (HO)
Package hobsub Info: Skipping package `infwarerr' (already loaded).
Package hobsub Info: Skipping package `ltxcmds' (already loaded).
Package: ifluatex 2016/05/16 v1.4 Provides the ifluatex switch (HO)
Package ifluatex Info: LuaTeX not detected.
Package hobsub Info: Skipping package `ifvtex' (already loaded).
Package: intcalc 2016/05/16 v1.2 Expandable calculations with integers (HO)
Package hobsub Info: Skipping package `ifpdf' (already loaded).
Package: etexcmds 2016/05/16 v1.6 Avoid name clashes with e-TeX commands (HO)
Package etexcmds Info: Could not find \expanded.
(etexcmds)             That can mean that you are not using pdfTeX 1.50 or
(etexcmds)             that some package has redefined \expanded.
(etexcmds)             In the latter case, load this package earlier.
Package: kvsetkeys 2016/05/16 v1.17 Key value parser (HO)
Package: kvdefinekeys 2016/05/16 v1.4 Define keys (HO)
Package: pdftexcmds 2016/05/10 v0.21 Utility functions of pdfTeX for LuaTeX (HO
)
Package pdftexcmds Info: LuaTeX not detected.
Package pdftexcmds Info: \pdf@primitive is available.
Package pdftexcmds Info: \pdf@ifprimitive is available.
Package pdftexcmds Info: \pdfdraftmode found.
Package: pdfescape 2016/05/16 v1.14 Implements pdfTeX's escape features (HO)
Package: bigintcalc 2016/05/16 v1.4 Expandable calculations on big integers (HO
)
Package: bitset 2016/05/16 v1.2 Handle bit-vector datatype (HO)
Package: uniquecounter 2016/05/16 v1.3 Provide unlimited unique counter (HO)
)
Package hobsub Info: Skipping package `hobsub' (already loaded).
Package: letltxmacro 2016/05/16 v1.5 Let assignment for LaTeX macros (HO)
Package: hopatch 2016/05/16 v1.3 Wrapper for package hooks (HO)
Package: xcolor-patch 2016/05/16 xcolor patch
Package: atveryend 2016/05/16 v1.9 Hooks at the very end of document (HO)
Package atveryend Info: \enddocument detected (standard20110627).
Package: atbegshi 2016/05/16 v1.17 At begin shipout hook (HO)
Package: refcount 2016/05/16 v3.5 Data extraction from label references (HO)
Package: hycolor 2016/05/16 v1.8 Color options for hyperref/bookmark (HO)
) (/usr/local/texlive/2016basic/texmf-dist/tex/latex/oberdiek/auxhook.sty
Package: auxhook 2016/05/16 v1.4 Hooks for auxiliary files (HO)
)
(/usr/local/texlive/2016basic/texmf-dist/tex/latex/oberdiek/kvoptions.sty
Package: kvoptions 2016/05/16 v3.12 Key value format for package options (HO)
)
\@linkdim=\dimen129
\Hy@linkcounter=\count104
\Hy@pagecounter=\count105

(/usr/local/texlive/2016basic/texmf-dist/tex/latex/hyperref/pd1enc.def
File: pd1enc.def 2016/05/05 v6.83n Hyperref: PDFDocEncoding definition (HO)
)
\Hy@SavedSpaceFactor=\count106

(/usr/local/texlive/2016basic/texmf-dist/tex/latex/latexconfig/hyperref.cfg
File: hyperref.cfg 2002/06/06 v1.2 hyperref configuration of TeXLive
)
Package hyperref Info: Hyper figures OFF on input line 4446.
Package hyperref Info: Link nesting OFF on input line 4451.
Package hyperref Info: Hyper index ON on input line 4454.
Package hyperref Info: Plain pages OFF on input line 4461.
Package hyperref Info: Backreferencing OFF on input line 4466.
Package hyperref Info: Implicit mode ON; LaTeX internals redefined.
Package hyperref Info: Bookmarks ON on input line 4691.
\c@Hy@tempcnt=\count107
LaTeX Info: Redefining \url on input line 5044.
\XeTeXLinkMargin=\dimen130
\Fld@menulength=\count108
\Field@Width=\dimen131
\Fld@charsize=\dimen132
Package hyperref Info: Hyper figures OFF on input line 6298.
Package hyperref Info: Link nesting OFF on input line 6303.
Package hyperref Info: Hyper index ON on input line 6306.
Package hyperref Info: backreferencing OFF on input line 6313.
Package hyperref Info: Link coloring OFF on input line 6318.
Package hyperref Info: Link coloring with OCG OFF on input line 6323.
Package hyperref Info: PDF/A mode OFF on input line 6328.
LaTeX Info: Redefining \ref on input line 6368.
LaTeX Info: Redefining \pageref on input line 6372.
\Hy@abspage=\count109
\c@Item=\count110
\c@Hfootnote=\count111
)

Package hyperref Message: Driver (autodetected): hpdftex.

(/usr/local/texlive/2016basic/texmf-dist/tex/latex/hyperref/hpdftex.def
File: hpdftex.def 2016/05/05 v6.83n Hyperref driver for pdfTeX
\Fld@listcount=\count112
\c@bookmark@seq@number=\count113

(/usr/local/texlive/2016basic/texmf-dist/tex/latex/oberdiek/rerunfilecheck.sty
Package: rerunfilecheck 2016/05/16 v1.8 Rerun checks for auxiliary files (HO)
Package uniquecounter Info: New unique counter `rerunfilecheck' on input line 2
82.
)
\Hy@SectionHShift=\skip49
) (./projectreport.aux)
\openout1 = `projectreport.aux'.

LaTeX Font Info:    Checking defaults for OML/cmm/m/it on input line 53.
LaTeX Font Info:    ... okay on input line 53.
LaTeX Font Info:    Checking defaults for T1/cmr/m/n on input line 53.
LaTeX Font Info:    ... okay on input line 53.
LaTeX Font Info:    Checking defaults for OT1/cmr/m/n on input line 53.
LaTeX Font Info:    ... okay on input line 53.
LaTeX Font Info:    Checking defaults for OMS/cmsy/m/n on input line 53.
LaTeX Font Info:    ... okay on input line 53.
LaTeX Font Info:    Checking defaults for OMX/cmex/m/n on input line 53.
LaTeX Font Info:    ... okay on input line 53.
LaTeX Font Info:    Checking defaults for U/cmr/m/n on input line 53.
LaTeX Font Info:    ... okay on input line 53.
LaTeX Font Info:    Checking defaults for PD1/pdf/m/n on input line 53.
LaTeX Font Info:    ... okay on input line 53.
LaTeX Font Info:    Try loading font information for OT1+ptm on input line 53.

(/usr/local/texlive/2016basic/texmf-dist/tex/latex/psnfss/ot1ptm.fd
File: ot1ptm.fd 2001/06/04 font definitions for OT1/ptm.
)
*geometry* driver: auto-detecting
*geometry* detected driver: pdftex
*geometry* verbose mode - [ preamble ] result:
* driver: pdftex
* paper: letterpaper
* layout: <same size as paper>
* layoutoffset:(h,v)=(0.0pt,0.0pt)
* modes: 
* h-part:(L,W,R)=(92.14519pt, 430.00462pt, 92.14519pt)
* v-part:(T,H,B)=(95.39737pt, 556.47656pt, 143.09605pt)
* \paperwidth=614.295pt
* \paperheight=794.96999pt
* \textwidth=469.75499pt
* \textheight=650.43pt
* \oddsidemargin=0.0pt
* \evensidemargin=19.8752pt
* \topmargin=0.0pt
* \headheight=0.0pt
* \headsep=0.0pt
* \topskip=11.0pt
* \footskip=0.0pt
* \marginparwidth=59.0pt
* \marginparsep=10.0pt
* \columnsep=14.45377pt
* \skip\footins=9.0pt plus 4.0pt minus 2.0pt
* \hoffset=0.0pt
* \voffset=0.0pt
* \mag=1000
* \@twocolumntrue
* \@twosidefalse
* \@mparswitchfalse
* \@reversemarginfalse
* (1in=72.27pt=25.4mm, 1cm=28.453pt)

(/usr/local/texlive/2016basic/texmf-dist/tex/context/base/mkii/supp-pdf.mkii
[Loading MPS to PDF converter (version 2006.09.02).]
\scratchcounter=\count114
\scratchdimen=\dimen133
\scratchbox=\box28
\nofMPsegments=\count115
\nofMParguments=\count116
\everyMPshowfont=\toks23
\MPscratchCnt=\count117
\MPscratchDim=\dimen134
\MPnumerator=\count118
\makeMPintoPDFobject=\count119
\everyMPtoPDFconversion=\toks24
) (/usr/local/texlive/2016basic/texmf-dist/tex/latex/oberdiek/epstopdf-base.sty
Package: epstopdf-base 2016/05/15 v2.6 Base part for package epstopdf
(/usr/local/texlive/2016basic/texmf-dist/tex/latex/oberdiek/grfext.sty
Package: grfext 2016/05/16 v1.2 Manage graphics extensions (HO)
)
Package grfext Info: Graphics extension search list:
(grfext)             [.png,.pdf,.jpg,.mps,.jpeg,.jbig2,.jb2,.PNG,.PDF,.JPG,.JPE
G,.JBIG2,.JB2,.eps]
(grfext)             \AppendGraphicsExtensions on input line 456.

(/usr/local/texlive/2016basic/texmf-dist/tex/latex/latexconfig/epstopdf-sys.cfg
File: epstopdf-sys.cfg 2010/07/13 v1.3 Configuration of (r)epstopdf for TeX Liv
e
))
\AtBeginShipoutBox=\box29
Package hyperref Info: Link coloring OFF on input line 53.
 (/usr/local/texlive/2016basic/texmf-dist/tex/latex/hyperref/nameref.sty
Package: nameref 2012/10/27 v2.43 Cross-referencing by name of section

(/usr/local/texlive/2016basic/texmf-dist/tex/generic/oberdiek/gettitlestring.st
y
Package: gettitlestring 2016/05/16 v1.5 Cleanup title references (HO)
)
\c@section@level=\count120
)
LaTeX Info: Redefining \ref on input line 53.
LaTeX Info: Redefining \pageref on input line 53.
LaTeX Info: Redefining \nameref on input line 53.
 (./projectreport.out) (./projectreport.out)
\@outlinefile=\write3
\openout3 = `projectreport.out'.

LaTeX Font Info:    Font shape `OT1/ptm/bx/n' in size <14.4> not available
(Font)              Font shape `OT1/ptm/b/n' tried instead on input line 55.
LaTeX Font Info:    Try loading font information for U+lasy on input line 55.

(/usr/local/texlive/2016basic/texmf-dist/tex/latex/base/ulasy.fd
File: ulasy.fd 1998/08/17 v2.2e LaTeX symbol font definitions
)
LaTeX Font Info:    Font shape `OT1/ptm/bx/n' in size <12> not available
(Font)              Font shape `OT1/ptm/b/n' tried instead on input line 55.
LaTeX Font Info:    Try loading font information for OT1+pcr on input line 55.

(/usr/local/texlive/2016basic/texmf-dist/tex/latex/psnfss/ot1pcr.fd
File: ot1pcr.fd 2001/06/04 font definitions for OT1/pcr.
)
! Font OT1/pcr/m/n/12=pcrr7t at 12.0pt not loadable: Metric (TFM) file not foun
d.
<to be read again> 
                   relax 
l.55 \begin
           {abstract}
? 
Missing character: There is no f in font nullfont!
Missing character: There is no r in font nullfont!
Missing character: There is no a in font nullfont!
Missing character: There is no i in font nullfont!
Missing character: There is no s in font nullfont!
Missing character: There is no i in font nullfont!
Missing character: There is no @ in font nullfont!
Missing character: There is no c in font nullfont!
Missing character: There is no s in font nullfont!
Missing character: There is no . in font nullfont!
Missing character: There is no c in font nullfont!
Missing character: There is no m in font nullfont!
Missing character: There is no u in font nullfont!
Missing character: There is no . in font nullfont!
Missing character: There is no e in font nullfont!
Missing character: There is no d in font nullfont!
Missing character: There is no u in font nullfont!
Missing character: There is no a in font nullfont!
Missing character: There is no b in font nullfont!
Missing character: There is no o in font nullfont!
Missing character: There is no u in font nullfont!
Missing character: There is no r in font nullfont!
Missing character: There is no a in font nullfont!
Missing character: There is no i in font nullfont!
Missing character: There is no @ in font nullfont!
Missing character: There is no a in font nullfont!
Missing character: There is no n in font nullfont!
Missing character: There is no d in font nullfont!
Missing character: There is no r in font nullfont!
Missing character: There is no e in font nullfont!
Missing character: There is no w in font nullfont!
Missing character: There is no . in font nullfont!
Missing character: There is no c in font nullfont!
Missing character: There is no m in font nullfont!
Missing character: There is no u in font nullfont!
Missing character: There is no . in font nullfont!
Missing character: There is no e in font nullfont!
Missing character: There is no d in font nullfont!
Missing character: There is no u in font nullfont!
Missing character: There is no w in font nullfont!
Missing character: There is no l in font nullfont!
Missing character: There is no i in font nullfont!
Missing character: There is no n in font nullfont!
Missing character: There is no 1 in font nullfont!
Missing character: There is no @ in font nullfont!
Missing character: There is no c in font nullfont!
Missing character: There is no s in font nullfont!
Missing character: There is no . in font nullfont!
Missing character: There is no c in font nullfont!
Missing character: There is no m in font nullfont!
Missing character: There is no u in font nullfont!
Missing character: There is no . in font nullfont!
Missing character: There is no e in font nullfont!
Missing character: There is no d in font nullfont!
Missing character: There is no u in font nullfont!
[1{/usr/local/texlive/2016basic/texmf-var/fonts/map/pdftex/updmap/pdftex.map}




]
<arabic_pivot.png, id=114, 957.5775pt x 358.33875pt>
File: arabic_pivot.png Graphic file (type png)
 <use arabic_pivot.png>
Package pdftex.def Info: arabic_pivot.png used on input line 90.
(pdftex.def)             Requested size: 239.39378pt x 89.58446pt.

Overfull \hbox (11.74318pt too wide) in paragraph at lines 90--91
[][] 
 []

LaTeX Font Info:    Font shape `OT1/ptm/bx/n' in size <10.95> not available
(Font)              Font shape `OT1/ptm/b/n' tried instead on input line 94.

Underfull \hbox (badness 1708) in paragraph at lines 107--109
\OT1/ptm/m/n/10.95 We ran-domly sam-pled 100 sen-tences from the
 []

[2 <./arabic_pivot.png>]
<sampleoutput1a.jpg, id=145, 639.38875pt x 488.82625pt>
File: sampleoutput1a.jpg Graphic file (type jpg)

<use sampleoutput1a.jpg>
Package pdftex.def Info: sampleoutput1a.jpg used on input line 113.
(pdftex.def)             Requested size: 469.75499pt x 359.13751pt.


LaTeX Warning: `!h' float specifier changed to `!ht'.

<monolingual.png, id=148, 195.129pt x 246.6816pt>
File: monolingual.png Graphic file (type png)
 <use monolingual.png>
Package pdftex.def Info: monolingual.png used on input line 124.
(pdftex.def)             Requested size: 195.12851pt x 246.68098pt.

<phrase_len.png, id=150, 578.16pt x 433.62pt>
File: phrase_len.png Graphic file (type png)
 <use phrase_len.png>
Package pdftex.def Info: phrase_len.png used on input line 134.
(pdftex.def)             Requested size: 231.2599pt x 173.44492pt.

Overfull \hbox (3.6093pt too wide) in paragraph at lines 134--135
[][] 
 []


LaTeX Warning: `!h' float specifier changed to `!ht'.

[3]
LaTeX Font Info:    Try loading font information for OMS+ptm on input line 194.

 (/usr/local/texlive/2016basic/texmf-dist/tex/latex/psnfss/omsptm.fd
File: omsptm.fd 
)
LaTeX Font Info:    Font shape `OMS/ptm/m/n' in size <10.95> not available
(Font)              Font shape `OMS/cmsy/m/n' tried instead on input line 194.

Underfull \vbox (badness 10000) has occurred while \output is active []

 [4 <./sampleoutput1a.jpg>] <sampleoutput.jpg, id=169, 633.36626pt x 242.9075pt
>
File: sampleoutput.jpg Graphic file (type jpg)

<use sampleoutput.jpg>
Package pdftex.def Info: sampleoutput.jpg used on input line 204.
(pdftex.def)             Requested size: 469.75499pt x 180.16385pt.
 [5 <./monolingual.png> <./phrase_len.png>] [6 <./sampleoutput.jpg>]
Underfull \hbox (badness 1616) in paragraph at lines 245--248
\OT1/ptm/m/n/10.95 u-a-tion and the pro-posed eval-u-a-tion met-ric, we
 []


Underfull \hbox (badness 1960) in paragraph at lines 245--248
\OT1/ptm/m/n/10.95 pairs in-clud-ing the head-line and the fol-low-ing
 []


Underfull \hbox (badness 1019) in paragraph at lines 245--248
\OT1/ptm/m/n/10.95 both of these cases, the judge-ment was ``easy''
 []


Underfull \hbox (badness 1629) in paragraph at lines 245--248
\OT1/ptm/m/n/10.95 We also ex-plored the ef-fect of the em-bed-ding
 []


Underfull \hbox (badness 10000) in paragraph at lines 245--248

 []


Underfull \hbox (badness 2582) in paragraph at lines 249--250
\OT1/ptm/m/n/10.95 com-prise a ref-er-ence against which can-di-dates
 []


Underfull \hbox (badness 1158) in paragraph at lines 249--250
\OT1/ptm/m/n/10.95 is com-puted and the se-man-tics space in which
 []


Underfull \hbox (badness 10000) in paragraph at lines 249--250

 []


Underfull \hbox (badness 2343) in paragraph at lines 255--256
\OT1/ptm/m/n/10.95 We pre-sented and com-pared two dif-fer-ent ap-
 []

[7]
Underfull \hbox (badness 1052) in paragraph at lines 258--261
\OT1/ptm/m/n/10.95 We plan to ex-plore other op-tions for ob-tain-ing
 []

(./projectreport.bbl
Underfull \hbox (badness 1400) in paragraph at lines 4--13
[]\OT1/ptm/m/n/10 Eneko Agirre, En-rique Al-fon-seca, Keith Hall, Jana
 []


Underfull \hbox (badness 2293) in paragraph at lines 25--29
\OT1/ptm/m/n/10 Tomas Mikolov.  2016.  En-rich-ing word vec-
 []


Underfull \hbox (badness 2503) in paragraph at lines 25--29
\OT1/ptm/m/n/10 tors with sub-word in-for-ma-tion.  \OT1/ptm/m/it/10 arXiv prep
rint
 []


Underfull \hbox (badness 10000) in paragraph at lines 54--58
[]\OT1/ptm/m/n/10 Michael Denkowski, Has-san Al-Haj, and Alon
 []


Underfull \hbox (badness 10000) in paragraph at lines 54--58
\OT1/ptm/m/n/10 Lavie.  2010.  Turker-assisted para-phras-
 []


Underfull \hbox (badness 10000) in paragraph at lines 54--58
\OT1/ptm/m/n/10 ing for english-arabic ma-chine trans-la-tion.
 []


Underfull \hbox (badness 10000) in paragraph at lines 54--58
\OT1/ptm/m/n/10 https://www.cs.cmu.edu/ mdenkows/pdf/paraphrase-
 []

[8]
Underfull \hbox (badness 3199) in paragraph at lines 75--82
[]\OT1/ptm/m/n/10 Rafael Fer-reira, Rafael Dueire Lins, Fred Fre-itas,
 []

! Font OT1/pcr/m/n/10=pcrr7t at 10.0pt not loadable: Metric (TFM) file not foun
d.
<to be read again> 
                   relax 
l.87 ...{https://catalog.ldc.upenn.edu/LDC2001T55}
                                                  .
? 
! \textfont 0 is undefined (character h).
\Url@FormatString ...\Url@String \UrlRight \m@th $
                                                  
l.87 ...{https://catalog.ldc.upenn.edu/LDC2001T55}
                                                  .
? 
! \textfont 0 is undefined (character t).
\Url@FormatString ...\Url@String \UrlRight \m@th $
                                                  
l.87 ...{https://catalog.ldc.upenn.edu/LDC2001T55}
                                                  .
? 
! \textfont 0 is undefined (character t).
\Url@FormatString ...\Url@String \UrlRight \m@th $
                                                  
l.87 ...{https://catalog.ldc.upenn.edu/LDC2001T55}
                                                  .
? 
! \textfont 0 is undefined (character p).
\Url@FormatString ...\Url@String \UrlRight \m@th $
                                                  
l.87 ...{https://catalog.ldc.upenn.edu/LDC2001T55}
                                                  .
? 
! \textfont 0 is undefined (character s).
\Url@FormatString ...\Url@String \UrlRight \m@th $
                                                  
l.87 ...{https://catalog.ldc.upenn.edu/LDC2001T55}
                                                  .
? 
! \textfont 0 is undefined (character :).
\Url@FormatString ...\Url@String \UrlRight \m@th $
                                                  
l.87 ...{https://catalog.ldc.upenn.edu/LDC2001T55}
                                                  .
? 
! \textfont 0 is undefined (character /).
\Url@FormatString ...\Url@String \UrlRight \m@th $
                                                  
l.87 ...{https://catalog.ldc.upenn.edu/LDC2001T55}
                                                  .
? 
! \textfont 0 is undefined (character /).
\Url@FormatString ...\Url@String \UrlRight \m@th $
                                                  
l.87 ...{https://catalog.ldc.upenn.edu/LDC2001T55}
                                                  .
? 
! \textfont 0 is undefined (character c).
\Url@FormatString ...\Url@String \UrlRight \m@th $
                                                  
l.87 ...{https://catalog.ldc.upenn.edu/LDC2001T55}
                                                  .
? 
! \textfont 0 is undefined (character a).
\Url@FormatString ...\Url@String \UrlRight \m@th $
                                                  
l.87 ...{https://catalog.ldc.upenn.edu/LDC2001T55}
                                                  .
? 
! \textfont 0 is undefined (character t).
\Url@FormatString ...\Url@String \UrlRight \m@th $
                                                  
l.87 ...{https://catalog.ldc.upenn.edu/LDC2001T55}
                                                  .
? 
! \textfont 0 is undefined (character a).
\Url@FormatString ...\Url@String \UrlRight \m@th $
                                                  
l.87 ...{https://catalog.ldc.upenn.edu/LDC2001T55}
                                                  .
? 
! \textfont 0 is undefined (character l).
\Url@FormatString ...\Url@String \UrlRight \m@th $
                                                  
l.87 ...{https://catalog.ldc.upenn.edu/LDC2001T55}
                                                  .
? 
! \textfont 0 is undefined (character o).
\Url@FormatString ...\Url@String \UrlRight \m@th $
                                                  
l.87 ...{https://catalog.ldc.upenn.edu/LDC2001T55}
                                                  .
? 
! \textfont 0 is undefined (character g).
\Url@FormatString ...\Url@String \UrlRight \m@th $
                                                  
l.87 ...{https://catalog.ldc.upenn.edu/LDC2001T55}
                                                  .
? 
! \textfont 0 is undefined (character .).
\Url@FormatString ...\Url@String \UrlRight \m@th $
                                                  
l.87 ...{https://catalog.ldc.upenn.edu/LDC2001T55}
                                                  .
? 
! \textfont 0 is undefined (character l).
\Url@FormatString ...\Url@String \UrlRight \m@th $
                                                  
l.87 ...{https://catalog.ldc.upenn.edu/LDC2001T55}
                                                  .
? 
! \textfont 0 is undefined (character d).
\Url@FormatString ...\Url@String \UrlRight \m@th $
                                                  
l.87 ...{https://catalog.ldc.upenn.edu/LDC2001T55}
                                                  .
? 
! \textfont 0 is undefined (character c).
\Url@FormatString ...\Url@String \UrlRight \m@th $
                                                  
l.87 ...{https://catalog.ldc.upenn.edu/LDC2001T55}
                                                  .
? 
! \textfont 0 is undefined (character .).
\Url@FormatString ...\Url@String \UrlRight \m@th $
                                                  
l.87 ...{https://catalog.ldc.upenn.edu/LDC2001T55}
                                                  .
? 
! \textfont 0 is undefined (character u).
\Url@FormatString ...\Url@String \UrlRight \m@th $
                                                  
l.87 ...{https://catalog.ldc.upenn.edu/LDC2001T55}
                                                  .
? 
! \textfont 0 is undefined (character p).
\Url@FormatString ...\Url@String \UrlRight \m@th $
                                                  
l.87 ...{https://catalog.ldc.upenn.edu/LDC2001T55}
                                                  .
? 
! \textfont 0 is undefined (character e).
\Url@FormatString ...\Url@String \UrlRight \m@th $
                                                  
l.87 ...{https://catalog.ldc.upenn.edu/LDC2001T55}
                                                  .
? 
! \textfont 0 is undefined (character n).
\Url@FormatString ...\Url@String \UrlRight \m@th $
                                                  
l.87 ...{https://catalog.ldc.upenn.edu/LDC2001T55}
                                                  .
? 
! \textfont 0 is undefined (character n).
\Url@FormatString ...\Url@String \UrlRight \m@th $
                                                  
l.87 ...{https://catalog.ldc.upenn.edu/LDC2001T55}
                                                  .
? 
! \textfont 0 is undefined (character .).
\Url@FormatString ...\Url@String \UrlRight \m@th $
                                                  
l.87 ...{https://catalog.ldc.upenn.edu/LDC2001T55}
                                                  .
? 
! \textfont 0 is undefined (character e).
\Url@FormatString ...\Url@String \UrlRight \m@th $
                                                  
l.87 ...{https://catalog.ldc.upenn.edu/LDC2001T55}
                                                  .
? 
! \textfont 0 is undefined (character d).
\Url@FormatString ...\Url@String \UrlRight \m@th $
                                                  
l.87 ...{https://catalog.ldc.upenn.edu/LDC2001T55}
                                                  .
? 
! \textfont 0 is undefined (character u).
\Url@FormatString ...\Url@String \UrlRight \m@th $
                                                  
l.87 ...{https://catalog.ldc.upenn.edu/LDC2001T55}
                                                  .
? 
! \textfont 0 is undefined (character /).
\Url@FormatString ...\Url@String \UrlRight \m@th $
                                                  
l.87 ...{https://catalog.ldc.upenn.edu/LDC2001T55}
                                                  .
? 
! \textfont 0 is undefined (character L).
\Url@FormatString ...\Url@String \UrlRight \m@th $
                                                  
l.87 ...{https://catalog.ldc.upenn.edu/LDC2001T55}
                                                  .
? 
! \textfont 0 is undefined (character D).
\Url@FormatString ...\Url@String \UrlRight \m@th $
                                                  
l.87 ...{https://catalog.ldc.upenn.edu/LDC2001T55}
                                                  .
? 
! \textfont 0 is undefined (character C).
\Url@FormatString ...\Url@String \UrlRight \m@th $
                                                  
l.87 ...{https://catalog.ldc.upenn.edu/LDC2001T55}
                                                  .
? 
! \textfont 0 is undefined (character 2).
\Url@FormatString ...\Url@String \UrlRight \m@th $
                                                  
l.87 ...{https://catalog.ldc.upenn.edu/LDC2001T55}
                                                  .
? 
! \textfont 0 is undefined (character 0).
\Url@FormatString ...\Url@String \UrlRight \m@th $
                                                  
l.87 ...{https://catalog.ldc.upenn.edu/LDC2001T55}
                                                  .
? 
! \textfont 0 is undefined (character 0).
\Url@FormatString ...\Url@String \UrlRight \m@th $
                                                  
l.87 ...{https://catalog.ldc.upenn.edu/LDC2001T55}
                                                  .
? 
! \textfont 0 is undefined (character 1).
\Url@FormatString ...\Url@String \UrlRight \m@th $
                                                  
l.87 ...{https://catalog.ldc.upenn.edu/LDC2001T55}
                                                  .
? 
! \textfont 0 is undefined (character T).
\Url@FormatString ...\Url@String \UrlRight \m@th $
                                                  
l.87 ...{https://catalog.ldc.upenn.edu/LDC2001T55}
                                                  .
? 
! \textfont 0 is undefined (character 5).
\Url@FormatString ...\Url@String \UrlRight \m@th $
                                                  
l.87 ...{https://catalog.ldc.upenn.edu/LDC2001T55}
                                                  .
? 
! \textfont 0 is undefined (character 5).
\Url@FormatString ...\Url@String \UrlRight \m@th $
                                                  
l.87 ...{https://catalog.ldc.upenn.edu/LDC2001T55}
                                                  .
? 

Underfull \hbox (badness 6842) in paragraph at lines 99--103
[]\OT1/ptm/m/n/10 Philipp Koehn.  2005.  Eu-roparl: A par-al-
 []


Underfull \hbox (badness 10000) in paragraph at lines 99--103
\OT1/ptm/m/n/10 lel cor-pus for sta-tis-ti-cal ma-chine trans-la-tion.
 []


Underfull \hbox (badness 4940) in paragraph at lines 134--141
[]\OT1/ptm/m/n/10 Fabio Ri-naldi, James Dow-dall, Kaarel Kalju-rand,
 []

! \textfont 0 is undefined (character h).
\Url@FormatString ...\Url@String \UrlRight \m@th $
                                                  
l.162 ...https://catalog.ldc.upenn.edu/LDC2004T17}
                                                  .
? 
! \textfont 0 is undefined (character t).
\Url@FormatString ...\Url@String \UrlRight \m@th $
                                                  
l.162 ...https://catalog.ldc.upenn.edu/LDC2004T17}
                                                  .
? 
! \textfont 0 is undefined (character t).
\Url@FormatString ...\Url@String \UrlRight \m@th $
                                                  
l.162 ...https://catalog.ldc.upenn.edu/LDC2004T17}
                                                  .
? 
! \textfont 0 is undefined (character p).
\Url@FormatString ...\Url@String \UrlRight \m@th $
                                                  
l.162 ...https://catalog.ldc.upenn.edu/LDC2004T17}
                                                  .
? 
! \textfont 0 is undefined (character s).
\Url@FormatString ...\Url@String \UrlRight \m@th $
                                                  
l.162 ...https://catalog.ldc.upenn.edu/LDC2004T17}
                                                  .
? 
! \textfont 0 is undefined (character :).
\Url@FormatString ...\Url@String \UrlRight \m@th $
                                                  
l.162 ...https://catalog.ldc.upenn.edu/LDC2004T17}
                                                  .
? 
! \textfont 0 is undefined (character /).
\Url@FormatString ...\Url@String \UrlRight \m@th $
                                                  
l.162 ...https://catalog.ldc.upenn.edu/LDC2004T17}
                                                  .
? 
! \textfont 0 is undefined (character /).
\Url@FormatString ...\Url@String \UrlRight \m@th $
                                                  
l.162 ...https://catalog.ldc.upenn.edu/LDC2004T17}
                                                  .
? 
! \textfont 0 is undefined (character c).
\Url@FormatString ...\Url@String \UrlRight \m@th $
                                                  
l.162 ...https://catalog.ldc.upenn.edu/LDC2004T17}
                                                  .
? 
! \textfont 0 is undefined (character a).
\Url@FormatString ...\Url@String \UrlRight \m@th $
                                                  
l.162 ...https://catalog.ldc.upenn.edu/LDC2004T17}
                                                  .
? 
! \textfont 0 is undefined (character t).
\Url@FormatString ...\Url@String \UrlRight \m@th $
                                                  
l.162 ...https://catalog.ldc.upenn.edu/LDC2004T17}
                                                  .
? 
! \textfont 0 is undefined (character a).
\Url@FormatString ...\Url@String \UrlRight \m@th $
                                                  
l.162 ...https://catalog.ldc.upenn.edu/LDC2004T17}
                                                  .
? 
! \textfont 0 is undefined (character l).
\Url@FormatString ...\Url@String \UrlRight \m@th $
                                                  
l.162 ...https://catalog.ldc.upenn.edu/LDC2004T17}
                                                  .
? 
! \textfont 0 is undefined (character o).
\Url@FormatString ...\Url@String \UrlRight \m@th $
                                                  
l.162 ...https://catalog.ldc.upenn.edu/LDC2004T17}
                                                  .
? 
! \textfont 0 is undefined (character g).
\Url@FormatString ...\Url@String \UrlRight \m@th $
                                                  
l.162 ...https://catalog.ldc.upenn.edu/LDC2004T17}
                                                  .
? 
! \textfont 0 is undefined (character .).
\Url@FormatString ...\Url@String \UrlRight \m@th $
                                                  
l.162 ...https://catalog.ldc.upenn.edu/LDC2004T17}
                                                  .
? 
! \textfont 0 is undefined (character l).
\Url@FormatString ...\Url@String \UrlRight \m@th $
                                                  
l.162 ...https://catalog.ldc.upenn.edu/LDC2004T17}
                                                  .
? 
! \textfont 0 is undefined (character d).
\Url@FormatString ...\Url@String \UrlRight \m@th $
                                                  
l.162 ...https://catalog.ldc.upenn.edu/LDC2004T17}
                                                  .
? 
! \textfont 0 is undefined (character c).
\Url@FormatString ...\Url@String \UrlRight \m@th $
                                                  
l.162 ...https://catalog.ldc.upenn.edu/LDC2004T17}
                                                  .
? 
! \textfont 0 is undefined (character .).
\Url@FormatString ...\Url@String \UrlRight \m@th $
                                                  
l.162 ...https://catalog.ldc.upenn.edu/LDC2004T17}
                                                  .
? 
! \textfont 0 is undefined (character u).
\Url@FormatString ...\Url@String \UrlRight \m@th $
                                                  
l.162 ...https://catalog.ldc.upenn.edu/LDC2004T17}
                                                  .
? 
! \textfont 0 is undefined (character p).
\Url@FormatString ...\Url@String \UrlRight \m@th $
                                                  
l.162 ...https://catalog.ldc.upenn.edu/LDC2004T17}
                                                  .
? 
! \textfont 0 is undefined (character e).
\Url@FormatString ...\Url@String \UrlRight \m@th $
                                                  
l.162 ...https://catalog.ldc.upenn.edu/LDC2004T17}
                                                  .
? 
! \textfont 0 is undefined (character n).
\Url@FormatString ...\Url@String \UrlRight \m@th $
                                                  
l.162 ...https://catalog.ldc.upenn.edu/LDC2004T17}
                                                  .
? 
! \textfont 0 is undefined (character n).
\Url@FormatString ...\Url@String \UrlRight \m@th $
                                                  
l.162 ...https://catalog.ldc.upenn.edu/LDC2004T17}
                                                  .
? 
! \textfont 0 is undefined (character .).
\Url@FormatString ...\Url@String \UrlRight \m@th $
                                                  
l.162 ...https://catalog.ldc.upenn.edu/LDC2004T17}
                                                  .
? 
! \textfont 0 is undefined (character e).
\Url@FormatString ...\Url@String \UrlRight \m@th $
                                                  
l.162 ...https://catalog.ldc.upenn.edu/LDC2004T17}
                                                  .
? 
! \textfont 0 is undefined (character d).
\Url@FormatString ...\Url@String \UrlRight \m@th $
                                                  
l.162 ...https://catalog.ldc.upenn.edu/LDC2004T17}
                                                  .
? 
! \textfont 0 is undefined (character u).
\Url@FormatString ...\Url@String \UrlRight \m@th $
                                                  
l.162 ...https://catalog.ldc.upenn.edu/LDC2004T17}
                                                  .
? 
! \textfont 0 is undefined (character /).
\Url@FormatString ...\Url@String \UrlRight \m@th $
                                                  
l.162 ...https://catalog.ldc.upenn.edu/LDC2004T17}
                                                  .
? 
! \textfont 0 is undefined (character L).
\Url@FormatString ...\Url@String \UrlRight \m@th $
                                                  
l.162 ...https://catalog.ldc.upenn.edu/LDC2004T17}
                                                  .
? 
! \textfont 0 is undefined (character D).
\Url@FormatString ...\Url@String \UrlRight \m@th $
                                                  
l.162 ...https://catalog.ldc.upenn.edu/LDC2004T17}
                                                  .
? 
! \textfont 0 is undefined (character C).
\Url@FormatString ...\Url@String \UrlRight \m@th $
                                                  
l.162 ...https://catalog.ldc.upenn.edu/LDC2004T17}
                                                  .
? 
! \textfont 0 is undefined (character 2).
\Url@FormatString ...\Url@String \UrlRight \m@th $
                                                  
l.162 ...https://catalog.ldc.upenn.edu/LDC2004T17}
                                                  .
? 
! \textfont 0 is undefined (character 0).
\Url@FormatString ...\Url@String \UrlRight \m@th $
                                                  
l.162 ...https://catalog.ldc.upenn.edu/LDC2004T17}
                                                  .
? 
! \textfont 0 is undefined (character 0).
\Url@FormatString ...\Url@String \UrlRight \m@th $
                                                  
l.162 ...https://catalog.ldc.upenn.edu/LDC2004T17}
                                                  .
? 
! \textfont 0 is undefined (character 4).
\Url@FormatString ...\Url@String \UrlRight \m@th $
                                                  
l.162 ...https://catalog.ldc.upenn.edu/LDC2004T17}
                                                  .
? 
! \textfont 0 is undefined (character T).
\Url@FormatString ...\Url@String \UrlRight \m@th $
                                                  
l.162 ...https://catalog.ldc.upenn.edu/LDC2004T17}
                                                  .
? 
! \textfont 0 is undefined (character 1).
\Url@FormatString ...\Url@String \UrlRight \m@th $
                                                  
l.162 ...https://catalog.ldc.upenn.edu/LDC2004T17}
                                                  .
? 
! \textfont 0 is undefined (character 7).
\Url@FormatString ...\Url@String \UrlRight \m@th $
                                                  
l.162 ...https://catalog.ldc.upenn.edu/LDC2004T17}
                                                  .
? 
)
Package atveryend Info: Empty hook `BeforeClearDocument' on input line 265.
 [9]
Package atveryend Info: Empty hook `AfterLastShipout' on input line 265.
 (./projectreport.aux)
Package atveryend Info: Executing hook `AtVeryEndDocument' on input line 265.
Package atveryend Info: Executing hook `AtEndAfterFileList' on input line 265.
Package rerunfilecheck Info: File `projectreport.out' has not changed.
(rerunfilecheck)             Checksum: 912BC526F9822797C765F22501CA59E4;1021.
Package atveryend Info: Empty hook `AtVeryVeryEnd' on input line 265.
 ) 
Here is how much of TeX's memory you used:
 6959 strings out of 494447
 100550 string characters out of 6166766
 204779 words of memory out of 5000000
 10119 multiletter control sequences out of 15000+600000
 29988 words of font info for 69 fonts, out of 8000000 for 9000
 319 hyphenation exceptions out of 8191
 29i,10n,35p,1536b,438s stack positions out of 5000i,500n,10000p,200000b,80000s
{/usr/local/texlive/2016basic/texmf-dist/fonts/enc/dvips/base/8r.enc}</usr/lo
cal/texlive/2016basic/texmf-dist/fonts/type1/public/amsfonts/cm/cmex10.pfb></us
r/local/texlive/2016basic/texmf-dist/fonts/type1/public/amsfonts/cm/cmmi10.pfb>
</usr/local/texlive/2016basic/texmf-dist/fonts/type1/public/amsfonts/cm/cmmi6.p
fb></usr/local/texlive/2016basic/texmf-dist/fonts/type1/public/amsfonts/cm/cmmi
8.pfb></usr/local/texlive/2016basic/texmf-dist/fonts/type1/public/amsfonts/cm/c
mr10.pfb></usr/local/texlive/2016basic/texmf-dist/fonts/type1/public/amsfonts/c
m/cmr6.pfb></usr/local/texlive/2016basic/texmf-dist/fonts/type1/public/amsfonts
/cm/cmr8.pfb></usr/local/texlive/2016basic/texmf-dist/fonts/type1/public/amsfon
ts/cm/cmsy10.pfb></usr/local/texlive/2016basic/texmf-dist/fonts/type1/public/am
sfonts/cm/cmsy8.pfb></usr/local/texlive/2016basic/texmf-dist/fonts/type1/urw/ti
mes/utmb8a.pfb></usr/local/texlive/2016basic/texmf-dist/fonts/type1/urw/times/u
tmr8a.pfb></usr/local/texlive/2016basic/texmf-dist/fonts/type1/urw/times/utmri8
a.pfb>
Output written on projectreport.pdf (9 pages, 759730 bytes).
PDF statistics:
 283 PDF objects out of 1000 (max. 8388607)
 249 compressed objects within 3 object streams
 65 named destinations out of 1000 (max. 500000)
 154 words of extra memory for PDF output out of 10000 (max. 10000000)

